<?xml version="1.0" ?>
<!DOCTYPE coverage SYSTEM "http://cobertura.sourceforge.net/xml/coverage-04.dtd">
<coverage lines-valid="140" lines-covered="94" line-rate="0.6714" branches-valid="19" branches-covered="9" branch-rate="0.47369999999999995" timestamp="1628413443656" complexity="0" version="0.1">
  <sources>
    <source>C:\Users\mark6\Desktop\tsmc_teamb-dev\backend</source>
  </sources>
  <packages>
    <package name="src" line-rate="0.8667" branch-rate="0.5">
      <classes>
        <class name="server.ts" filename="src\server.ts" line-rate="0.8667" branch-rate="0.5">
          <methods>
            <method name="(anonymous_14)" hits="1" signature="()V">
              <lines>
                <line number="10" hits="1"/>
              </lines>
            </method>
            <method name="(anonymous_15)" hits="1" signature="()V">
              <lines>
                <line number="12" hits="1"/>
              </lines>
            </method>
            <method name="(anonymous_16)" hits="0" signature="()V">
              <lines>
                <line number="19" hits="0"/>
              </lines>
            </method>
            <method name="(anonymous_17)" hits="0" signature="()V">
              <lines>
                <line number="19" hits="0"/>
              </lines>
            </method>
          </methods>
          <lines>
            <line number="1" hits="1" branch="false"/>
            <line number="3" hits="1" branch="false"/>
            <line number="4" hits="1" branch="false"/>
            <line number="6" hits="1" branch="false"/>
            <line number="10" hits="1" branch="false"/>
            <line number="11" hits="1" branch="false"/>
            <line number="12" hits="1" branch="false"/>
            <line number="13" hits="1" branch="true" condition-coverage="50% (1/2)"/>
            <line number="14" hits="0" branch="false"/>
            <line number="16" hits="1" branch="false"/>
            <line number="19" hits="1" branch="false"/>
            <line number="20" hits="0" branch="false"/>
            <line number="23" hits="1" branch="false"/>
            <line number="25" hits="1" branch="false"/>
            <line number="28" hits="1" branch="false"/>
          </lines>
        </class>
      </classes>
    </package>
    <package name="src.models" line-rate="1" branch-rate="1">
      <classes>
        <class name="form.ts" filename="src\models\form.ts" line-rate="1" branch-rate="1">
          <methods>
          </methods>
          <lines>
            <line number="1" hits="2" branch="false"/>
            <line number="4" hits="2" branch="false"/>
            <line number="20" hits="2" branch="false"/>
          </lines>
        </class>
        <class name="maintain_record.ts" filename="src\models\maintain_record.ts" line-rate="1" branch-rate="1">
          <methods>
          </methods>
          <lines>
            <line number="1" hits="2" branch="false"/>
            <line number="4" hits="2" branch="false"/>
            <line number="14" hits="2" branch="false"/>
          </lines>
        </class>
      </classes>
    </package>
    <package name="src.plugins" line-rate="0.75" branch-rate="0.5832999999999999">
      <classes>
        <class name="mongodb.ts" filename="src\plugins\mongodb.ts" line-rate="0.75" branch-rate="0.5832999999999999">
          <methods>
            <method name="(anonymous_7)" hits="1" signature="()V">
              <lines>
                <line number="9" hits="1"/>
              </lines>
            </method>
            <method name="(anonymous_8)" hits="0" signature="()V">
              <lines>
                <line number="14" hits="0"/>
              </lines>
            </method>
          </methods>
          <lines>
            <line number="1" hits="1" branch="false"/>
            <line number="2" hits="1" branch="false"/>
            <line number="4" hits="1" branch="false"/>
            <line number="5" hits="1" branch="true" condition-coverage="100% (2/2)"/>
            <line number="6" hits="1" branch="true" condition-coverage="100% (2/2)"/>
            <line number="7" hits="1" branch="true" condition-coverage="50% (1/2)"/>
            <line number="9" hits="1" branch="false"/>
            <line number="10" hits="1" branch="true" condition-coverage="50% (2/4)"/>
            <line number="11" hits="0" branch="false"/>
            <line number="15" hits="0" branch="true" condition-coverage="0% (0/2)"/>
            <line number="16" hits="0" branch="false"/>
            <line number="22" hits="1" branch="false"/>
          </lines>
        </class>
      </classes>
    </package>
    <package name="src.repo" line-rate="1" branch-rate="1">
      <classes>
        <class name="form-repo.ts" filename="src\repo\form-repo.ts" line-rate="1" branch-rate="1">
          <methods>
            <method name="(anonymous_14)" hits="2" signature="()V">
              <lines>
                <line number="13" hits="2"/>
              </lines>
            </method>
            <method name="FormRepoImpl" hits="3" signature="()V">
              <lines>
                <line number="14" hits="3"/>
              </lines>
            </method>
            <method name="(anonymous_16)" hits="3" signature="()V">
              <lines>
                <line number="16" hits="3"/>
              </lines>
            </method>
            <method name="(anonymous_17)" hits="4" signature="()V">
              <lines>
                <line number="20" hits="4"/>
              </lines>
            </method>
            <method name="(anonymous_20)" hits="1" signature="()V">
              <lines>
                <line number="24" hits="1"/>
              </lines>
            </method>
            <method name="(anonymous_23)" hits="1" signature="()V">
              <lines>
                <line number="27" hits="1"/>
              </lines>
            </method>
            <method name="(anonymous_26)" hits="1" signature="()V">
              <lines>
                <line number="31" hits="1"/>
              </lines>
            </method>
            <method name="(anonymous_29)" hits="1" signature="()V">
              <lines>
                <line number="35" hits="1"/>
              </lines>
            </method>
            <method name="(anonymous_32)" hits="1" signature="()V">
              <lines>
                <line number="39" hits="1"/>
              </lines>
            </method>
          </methods>
          <lines>
            <line number="2" hits="2" branch="false"/>
            <line number="13" hits="2" branch="false"/>
            <line number="16" hits="2" branch="false"/>
            <line number="17" hits="3" branch="false"/>
            <line number="20" hits="2" branch="false"/>
            <line number="21" hits="4" branch="false"/>
            <line number="24" hits="2" branch="false"/>
            <line number="25" hits="1" branch="false"/>
            <line number="27" hits="2" branch="false"/>
            <line number="28" hits="1" branch="false"/>
            <line number="31" hits="2" branch="false"/>
            <line number="32" hits="1" branch="false"/>
            <line number="35" hits="2" branch="false"/>
            <line number="36" hits="1" branch="false"/>
            <line number="39" hits="2" branch="false"/>
            <line number="40" hits="1" branch="false"/>
            <line number="42" hits="2" branch="false"/>
            <line number="44" hits="2" branch="false"/>
          </lines>
        </class>
        <class name="maintain_record-repo.ts" filename="src\repo\maintain_record-repo.ts" line-rate="1" branch-rate="1">
          <methods>
            <method name="(anonymous_14)" hits="2" signature="()V">
              <lines>
                <line number="13" hits="2"/>
              </lines>
            </method>
            <method name="RecordRepoImpl" hits="3" signature="()V">
              <lines>
                <line number="14" hits="3"/>
              </lines>
            </method>
            <method name="(anonymous_16)" hits="3" signature="()V">
              <lines>
                <line number="16" hits="3"/>
              </lines>
            </method>
            <method name="(anonymous_17)" hits="2" signature="()V">
              <lines>
                <line number="20" hits="2"/>
              </lines>
            </method>
            <method name="(anonymous_20)" hits="1" signature="()V">
              <lines>
                <line number="24" hits="1"/>
              </lines>
            </method>
            <method name="(anonymous_23)" hits="1" signature="()V">
              <lines>
                <line number="28" hits="1"/>
              </lines>
            </method>
            <method name="(anonymous_26)" hits="1" signature="()V">
              <lines>
                <line number="32" hits="1"/>
              </lines>
            </method>
            <method name="(anonymous_29)" hits="1" signature="()V">
              <lines>
                <line number="36" hits="1"/>
              </lines>
            </method>
          </methods>
          <lines>
            <line number="2" hits="2" branch="false"/>
            <line number="13" hits="2" branch="false"/>
            <line number="16" hits="2" branch="false"/>
            <line number="17" hits="3" branch="false"/>
            <line number="20" hits="2" branch="false"/>
            <line number="21" hits="2" branch="false"/>
            <line number="24" hits="2" branch="false"/>
            <line number="25" hits="1" branch="false"/>
            <line number="28" hits="2" branch="false"/>
            <line number="29" hits="1" branch="false"/>
            <line number="32" hits="2" branch="false"/>
            <line number="33" hits="1" branch="false"/>
            <line number="36" hits="2" branch="false"/>
            <line number="37" hits="1" branch="false"/>
            <line number="39" hits="2" branch="false"/>
            <line number="41" hits="2" branch="false"/>
          </lines>
        </class>
      </classes>
    </package>
    <package name="src.route" line-rate="0.2807" branch-rate="0">
      <classes>
        <class name="form.ts" filename="src\route\form.ts" line-rate="0.2807" branch-rate="0">
          <methods>
            <method name="(anonymous_13)" hits="1" signature="()V">
              <lines>
                <line number="8" hits="1"/>
              </lines>
            </method>
            <method name="(anonymous_14)" hits="1" signature="()V">
              <lines>
                <line number="19" hits="1"/>
              </lines>
            </method>
            <method name="(anonymous_15)" hits="1" signature="()V">
              <lines>
                <line number="19" hits="1"/>
              </lines>
            </method>
            <method name="(anonymous_17)" hits="0" signature="()V">
              <lines>
                <line number="29" hits="0"/>
              </lines>
            </method>
            <method name="(anonymous_18)" hits="0" signature="()V">
              <lines>
                <line number="29" hits="0"/>
              </lines>
            </method>
            <method name="(anonymous_20)" hits="0" signature="()V">
              <lines>
                <line number="40" hits="0"/>
              </lines>
            </method>
            <method name="(anonymous_21)" hits="0" signature="()V">
              <lines>
                <line number="40" hits="0"/>
              </lines>
            </method>
            <method name="(anonymous_23)" hits="0" signature="()V">
              <lines>
                <line number="52" hits="0"/>
              </lines>
            </method>
            <method name="(anonymous_24)" hits="0" signature="()V">
              <lines>
                <line number="52" hits="0"/>
              </lines>
            </method>
            <method name="(anonymous_26)" hits="0" signature="()V">
              <lines>
                <line number="63" hits="0"/>
              </lines>
            </method>
            <method name="(anonymous_27)" hits="0" signature="()V">
              <lines>
                <line number="63" hits="0"/>
              </lines>
            </method>
            <method name="(anonymous_29)" hits="0" signature="()V">
              <lines>
                <line number="78" hits="0"/>
              </lines>
            </method>
            <method name="(anonymous_30)" hits="0" signature="()V">
              <lines>
                <line number="78" hits="0"/>
              </lines>
            </method>
            <method name="(anonymous_32)" hits="0" signature="()V">
              <lines>
                <line number="94" hits="0"/>
              </lines>
            </method>
            <method name="(anonymous_33)" hits="0" signature="()V">
              <lines>
                <line number="94" hits="0"/>
              </lines>
            </method>
          </methods>
          <lines>
            <line number="3" hits="1" branch="false"/>
            <line number="5" hits="1" branch="false"/>
            <line number="8" hits="1" branch="false"/>
            <line number="9" hits="1" branch="false"/>
            <line number="10" hits="1" branch="false"/>
            <line number="19" hits="1" branch="false"/>
            <line number="21" hits="1" branch="false"/>
            <line number="22" hits="1" branch="false"/>
            <line number="24" hits="0" branch="false"/>
            <line number="25" hits="0" branch="false"/>
            <line number="29" hits="1" branch="false"/>
            <line number="31" hits="0" branch="false"/>
            <line number="32" hits="0" branch="false"/>
            <line number="33" hits="0" branch="false"/>
            <line number="35" hits="0" branch="false"/>
            <line number="36" hits="0" branch="false"/>
            <line number="40" hits="1" branch="false"/>
            <line number="42" hits="0" branch="false"/>
            <line number="43" hits="0" branch="false"/>
            <line number="44" hits="0" branch="false"/>
            <line number="45" hits="0" branch="false"/>
            <line number="47" hits="0" branch="false"/>
            <line number="48" hits="0" branch="false"/>
            <line number="52" hits="1" branch="false"/>
            <line number="54" hits="0" branch="false"/>
            <line number="55" hits="0" branch="false"/>
            <line number="56" hits="0" branch="false"/>
            <line number="58" hits="0" branch="false"/>
            <line number="59" hits="0" branch="false"/>
            <line number="63" hits="1" branch="false"/>
            <line number="65" hits="0" branch="false"/>
            <line number="66" hits="0" branch="false"/>
            <line number="67" hits="0" branch="false"/>
            <line number="68" hits="0" branch="false"/>
            <line number="70" hits="0" branch="false"/>
            <line number="72" hits="0" branch="false"/>
            <line number="73" hits="0" branch="false"/>
            <line number="78" hits="1" branch="false"/>
            <line number="80" hits="0" branch="false"/>
            <line number="81" hits="0" branch="false"/>
            <line number="82" hits="0" branch="false"/>
            <line number="83" hits="0" branch="true" condition-coverage="0% (0/2)"/>
            <line number="84" hits="0" branch="false"/>
            <line number="86" hits="0" branch="false"/>
            <line number="89" hits="0" branch="false"/>
            <line number="90" hits="0" branch="false"/>
            <line number="94" hits="1" branch="false"/>
            <line number="96" hits="0" branch="false"/>
            <line number="97" hits="0" branch="false"/>
            <line number="98" hits="0" branch="false"/>
            <line number="99" hits="0" branch="true" condition-coverage="0% (0/2)"/>
            <line number="100" hits="0" branch="false"/>
            <line number="102" hits="0" branch="false"/>
            <line number="105" hits="0" branch="false"/>
            <line number="106" hits="0" branch="false"/>
            <line number="110" hits="1" branch="false"/>
            <line number="113" hits="1" branch="false"/>
          </lines>
        </class>
      </classes>
    </package>
    <package name="src.test" line-rate="1" branch-rate="1">
      <classes>
        <class name="db.ts" filename="src\test\db.ts" line-rate="1" branch-rate="1">
          <methods>
            <method name="(anonymous_14)" hits="4" signature="()V">
              <lines>
                <line number="11" hits="4"/>
              </lines>
            </method>
            <method name="(anonymous_17)" hits="4" signature="()V">
              <lines>
                <line number="29" hits="4"/>
              </lines>
            </method>
            <method name="(anonymous_20)" hits="6" signature="()V">
              <lines>
                <line number="62" hits="6"/>
              </lines>
            </method>
          </methods>
          <lines>
            <line number="1" hits="2" branch="false"/>
            <line number="2" hits="2" branch="false"/>
            <line number="6" hits="2" branch="false"/>
            <line number="11" hits="4" branch="false"/>
            <line number="12" hits="4" branch="true" condition-coverage="100% (1/1)"/>
            <line number="13" hits="2" branch="false"/>
            <line number="15" hits="2" branch="false"/>
            <line number="23" hits="4" branch="false"/>
            <line number="29" hits="4" branch="false"/>
            <line number="54" hits="4" branch="false"/>
            <line number="55" hits="4" branch="false"/>
            <line number="56" hits="4" branch="false"/>
            <line number="62" hits="5" branch="false"/>
            <line number="63" hits="3" branch="false"/>
            <line number="68" hits="6" branch="false"/>
            <line number="69" hits="12" branch="false"/>
          </lines>
        </class>
      </classes>
    </package>
  </packages>
</coverage>
