TN:
SF:src\server.ts
FN:10,(anonymous_14)
FN:12,(anonymous_15)
FN:19,(anonymous_16)
FN:19,(anonymous_17)
FNF:4
FNH:2
FNDA:1,(anonymous_14)
FNDA:1,(anonymous_15)
FNDA:0,(anonymous_16)
FNDA:0,(anonymous_17)
DA:1,1
DA:3,1
DA:4,1
DA:6,1
DA:10,1
DA:11,1
DA:12,1
DA:13,1
DA:14,0
DA:16,1
DA:19,1
DA:20,0
DA:23,1
DA:25,1
DA:28,1
LF:15
LH:13
BRDA:13,0,0,0
BRDA:13,0,1,1
BRF:2
BRH:1
end_of_record
TN:
SF:src\models\form.ts
FNF:0
FNH:0
DA:1,2
DA:4,2
DA:20,2
LF:3
LH:3
BRF:0
BRH:0
end_of_record
TN:
SF:src\models\maintain_record.ts
FNF:0
FNH:0
DA:1,2
DA:4,2
DA:14,2
LF:3
LH:3
BRF:0
BRH:0
end_of_record
TN:
SF:src\plugins\mongodb.ts
FN:9,(anonymous_7)
FN:14,(anonymous_8)
FNF:2
FNH:1
FNDA:1,(anonymous_7)
FNDA:0,(anonymous_8)
DA:1,1
DA:2,1
DA:4,1
DA:5,1
DA:6,1
DA:7,1
DA:9,1
DA:10,1
DA:11,0
DA:15,0
DA:16,0
DA:22,1
LF:12
LH:9
BRDA:5,0,0,1
BRDA:5,0,1,1
BRDA:6,1,0,1
BRDA:6,1,1,1
BRDA:7,2,0,1
BRDA:7,2,1,0
BRDA:10,3,0,0
BRDA:10,3,1,1
BRDA:10,4,0,1
BRDA:10,4,1,0
BRDA:15,5,0,0
BRDA:15,5,1,0
BRF:12
BRH:7
end_of_record
TN:
SF:src\repo\form-repo.ts
FN:13,(anonymous_14)
FN:14,FormRepoImpl
FN:16,(anonymous_16)
FN:20,(anonymous_17)
FN:24,(anonymous_20)
FN:27,(anonymous_23)
FN:31,(anonymous_26)
FN:35,(anonymous_29)
FN:39,(anonymous_32)
FNF:9
FNH:9
FNDA:2,(anonymous_14)
FNDA:3,FormRepoImpl
FNDA:3,(anonymous_16)
FNDA:4,(anonymous_17)
FNDA:1,(anonymous_20)
FNDA:3,(anonymous_23)
FNDA:2,(anonymous_26)
FNDA:2,(anonymous_29)
FNDA:2,(anonymous_32)
DA:2,2
DA:13,2
DA:16,2
DA:17,3
DA:20,2
DA:21,4
DA:24,2
DA:25,1
DA:27,2
DA:28,3
DA:31,2
DA:32,2
DA:35,2
DA:36,2
DA:39,2
DA:40,2
DA:42,2
DA:44,2
LF:18
LH:18
BRF:0
BRH:0
end_of_record
TN:
SF:src\repo\maintain_record-repo.ts
FN:13,(anonymous_14)
FN:14,RecordRepoImpl
FN:16,(anonymous_16)
FN:20,(anonymous_17)
FN:24,(anonymous_20)
FN:28,(anonymous_23)
FN:32,(anonymous_26)
FN:36,(anonymous_29)
FNF:8
FNH:8
FNDA:2,(anonymous_14)
FNDA:3,RecordRepoImpl
FNDA:3,(anonymous_16)
FNDA:2,(anonymous_17)
FNDA:3,(anonymous_20)
FNDA:2,(anonymous_23)
FNDA:1,(anonymous_26)
FNDA:2,(anonymous_29)
DA:2,2
DA:13,2
DA:16,2
DA:17,3
DA:20,2
DA:21,2
DA:24,2
DA:25,3
DA:28,2
DA:29,2
DA:32,2
DA:33,1
DA:36,2
DA:37,2
DA:39,2
DA:41,2
LF:16
LH:16
BRF:0
BRH:0
end_of_record
TN:
SF:src\route\form.ts
FN:8,(anonymous_13)
FN:19,(anonymous_14)
FN:19,(anonymous_15)
FN:29,(anonymous_17)
FN:29,(anonymous_18)
FN:40,(anonymous_20)
FN:40,(anonymous_21)
FN:52,(anonymous_23)
FN:52,(anonymous_24)
FN:63,(anonymous_26)
FN:63,(anonymous_27)
FN:78,(anonymous_29)
FN:78,(anonymous_30)
FN:94,(anonymous_32)
FN:94,(anonymous_33)
FNF:15
FNH:13
FNDA:1,(anonymous_13)
FNDA:1,(anonymous_14)
FNDA:1,(anonymous_15)
FNDA:0,(anonymous_17)
FNDA:0,(anonymous_18)
FNDA:2,(anonymous_20)
FNDA:2,(anonymous_21)
FNDA:1,(anonymous_23)
FNDA:1,(anonymous_24)
FNDA:1,(anonymous_26)
FNDA:1,(anonymous_27)
FNDA:1,(anonymous_29)
FNDA:1,(anonymous_30)
FNDA:1,(anonymous_32)
FNDA:1,(anonymous_33)
DA:3,1
DA:5,1
DA:8,1
DA:9,1
DA:10,1
DA:19,1
DA:21,1
DA:22,1
DA:24,0
DA:25,0
DA:29,1
DA:31,0
DA:32,0
DA:33,0
DA:35,0
DA:36,0
DA:40,2
DA:42,2
DA:43,2
DA:44,2
DA:45,2
DA:47,0
DA:48,0
DA:52,1
DA:54,1
DA:55,1
DA:56,1
DA:58,0
DA:59,0
DA:63,1
DA:65,1
DA:66,1
DA:67,1
DA:68,1
DA:70,1
DA:72,0
DA:73,0
DA:78,1
DA:80,1
DA:81,1
DA:82,1
DA:83,1
DA:84,1
DA:86,0
DA:89,0
DA:90,0
DA:94,1
DA:96,1
DA:97,1
DA:98,1
DA:99,1
DA:100,1
DA:102,0
DA:105,0
DA:106,0
DA:110,1
DA:113,1
LF:57
LH:38
BRDA:83,0,0,1
BRDA:83,0,1,0
BRDA:99,1,0,1
BRDA:99,1,1,0
BRF:4
BRH:2
end_of_record
TN:
SF:src\test\db.ts
FN:11,(anonymous_14)
FN:29,(anonymous_17)
FN:62,(anonymous_20)
FNF:3
FNH:3
FNDA:4,(anonymous_14)
FNDA:4,(anonymous_17)
FNDA:8,(anonymous_20)
DA:1,2
DA:2,2
DA:6,2
DA:11,4
DA:12,4
DA:13,2
DA:15,2
DA:23,4
DA:29,4
DA:54,4
DA:55,4
DA:56,4
DA:62,6
DA:63,4
DA:68,8
DA:69,16
LF:16
LH:16
BRDA:12,0,0,2
BRF:1
BRH:1
end_of_record
